<?xml version="1.0" encoding="UTF-8"?>
<testng-results skipped="0" failed="0" total="1" passed="1">
  <reporter-output>
  </reporter-output>
  <suite name="Suite" duration-ms="98598" started-at="2021-03-24T08:35:03Z" finished-at="2021-03-24T08:36:41Z">
    <groups>
    </groups>
    <test name="Test" duration-ms="98598" started-at="2021-03-24T08:35:03Z" finished-at="2021-03-24T08:36:41Z">
      <class name="appiumFramework.Demo">
        <test-method status="PASS" signature="bt()[pri:0, instance:appiumFramework.Demo@3632be31]" name="bt" is-config="true" duration-ms="3049" started-at="2021-03-24T14:05:03Z" finished-at="2021-03-24T14:05:06Z">
          <reporter-output>
          </reporter-output>
        </test-method> <!-- bt -->
        <test-method status="PASS" signature="test4()[pri:0, instance:appiumFramework.Demo@3632be31]" name="test4" duration-ms="95487" started-at="2021-03-24T14:05:06Z" finished-at="2021-03-24T14:06:41Z">
          <reporter-output>
          </reporter-output>
        </test-method> <!-- test4 -->
      </class> <!-- appiumFramework.Demo -->
    </test> <!-- Test -->
  </suite> <!-- Suite -->
</testng-results>
